<?xml version="1.0" encoding="UTF-8"?>
<!-- Generated by org.testng.reporters.JUnitReportReporter -->
<testsuite skipped="0" hostname="wangjiongdadeMacBook-Pro.local" name="com.mybatis.MybatisBuildApplicationTests" tests="1" failures="0" timestamp="17 八月 2017 01:30:33 GMT" time="5.911" errors="0">
  <testcase name="contextLoads" time="5.911" classname="com.mybatis.MybatisBuildApplicationTests"/>
</testsuite> <!-- com.mybatis.MybatisBuildApplicationTests -->
